-------------------------------------------------------------------------------
Test set: TestSuite
-------------------------------------------------------------------------------
Tests run: 5, Failures: 1, Errors: 0, Skipped: 0, Time elapsed: 144.051 s <<< FAILURE! - in TestSuite
verifyLoggedInUserAccountTest(com.qa.hubspot.tests.HomePageTest)  Time elapsed: 1.004 s  <<< FAILURE!
java.lang.AssertionError: expected [true] but found [false]
	at com.qa.hubspot.tests.HomePageTest.verifyLoggedInUserAccountTest(HomePageTest.java:57)

