<?xml version="1.0" encoding="UTF-8"?>
<testng-results skipped="0" failed="0" ignored="0" total="4" passed="4">
  <reporter-output>
  </reporter-output>
  <suite name="Hub Spot Test Suite" duration-ms="71258" started-at="2020-01-21T22:13:14 IST" finished-at="2020-01-21T22:14:25 IST">
    <groups>
    </groups>
    <test name="hub spot Test" duration-ms="71258" started-at="2020-01-21T22:13:14 IST" finished-at="2020-01-21T22:14:25 IST">
      <class name="com.qa.hubspot.tests.HomePageTest">
        <test-method status="PASS" signature="SetUp()[pri:0, instance:com.qa.hubspot.tests.HomePageTest@4c371370]" name="SetUp" is-config="true" duration-ms="33214" started-at="2020-01-21T22:13:14 IST" finished-at="2020-01-21T22:13:47 IST">
          <reporter-output>
          </reporter-output>
        </test-method> <!-- SetUp -->
        <test-method status="PASS" signature="SetUp()[pri:0, instance:com.qa.hubspot.tests.HomePageTest@4c371370]" name="SetUp" is-config="true" duration-ms="32701" started-at="2020-01-21T22:13:43 IST" finished-at="2020-01-21T22:14:16 IST">
          <reporter-output>
          </reporter-output>
        </test-method> <!-- SetUp -->
        <test-method status="PASS" signature="SetUp()[pri:0, instance:com.qa.hubspot.tests.HomePageTest@4c371370]" name="SetUp" is-config="true" duration-ms="38145" started-at="2020-01-21T22:13:47 IST" finished-at="2020-01-21T22:14:25 IST">
          <reporter-output>
          </reporter-output>
        </test-method> <!-- SetUp -->
        <test-method status="PASS" signature="verifyHomePageTitleTest()[pri:1, instance:com.qa.hubspot.tests.HomePageTest@4c371370]" name="verifyHomePageTitleTest" duration-ms="5133" started-at="2020-01-21T22:13:47 IST" finished-at="2020-01-21T22:13:52 IST">
          <reporter-output>
          </reporter-output>
        </test-method> <!-- verifyHomePageTitleTest -->
        <test-method status="PASS" signature="tearDown()[pri:0, instance:com.qa.hubspot.tests.HomePageTest@4c371370]" name="tearDown" is-config="true" duration-ms="587" started-at="2020-01-21T22:13:54 IST" finished-at="2020-01-21T22:13:54 IST">
          <reporter-output>
          </reporter-output>
        </test-method> <!-- tearDown -->
        <test-method status="PASS" signature="verifyHomePageHeaderTest()[pri:2, instance:com.qa.hubspot.tests.HomePageTest@4c371370]" name="verifyHomePageHeaderTest" duration-ms="3975" started-at="2020-01-21T22:14:16 IST" finished-at="2020-01-21T22:14:20 IST">
          <reporter-output>
          </reporter-output>
        </test-method> <!-- verifyHomePageHeaderTest -->
        <test-method status="PASS" signature="tearDown()[pri:0, instance:com.qa.hubspot.tests.HomePageTest@4c371370]" name="tearDown" is-config="true" duration-ms="1749" started-at="2020-01-21T22:14:20 IST" finished-at="2020-01-21T22:14:22 IST">
          <reporter-output>
          </reporter-output>
        </test-method> <!-- tearDown -->
      </class> <!-- com.qa.hubspot.tests.HomePageTest -->
      <class name="com.qa.hubspot.tests.LoginTest">
        <test-method status="PASS" signature="SetUp()[pri:0, instance:com.qa.hubspot.tests.LoginTest@799f10e1]" name="SetUp" is-config="true" duration-ms="15162" started-at="2020-01-21T22:13:14 IST" finished-at="2020-01-21T22:13:29 IST">
          <reporter-output>
          </reporter-output>
        </test-method> <!-- SetUp -->
        <test-method status="PASS" signature="SetUp()[pri:0, instance:com.qa.hubspot.tests.LoginTest@799f10e1]" name="SetUp" is-config="true" duration-ms="15158" started-at="2020-01-21T22:13:14 IST" finished-at="2020-01-21T22:13:29 IST">
          <reporter-output>
          </reporter-output>
        </test-method> <!-- SetUp -->
        <test-method status="PASS" signature="loginTest()[pri:2, instance:com.qa.hubspot.tests.LoginTest@799f10e1]" name="loginTest" duration-ms="15737" started-at="2020-01-21T22:13:31 IST" finished-at="2020-01-21T22:13:47 IST">
          <reporter-output>
          </reporter-output>
        </test-method> <!-- loginTest -->
        <test-method status="PASS" signature="verifyloginPageTitleTest()[pri:1, instance:com.qa.hubspot.tests.LoginTest@799f10e1]" name="verifyloginPageTitleTest" duration-ms="9137" started-at="2020-01-21T22:13:31 IST" finished-at="2020-01-21T22:13:40 IST">
          <reporter-output>
          </reporter-output>
        </test-method> <!-- verifyloginPageTitleTest -->
        <test-method status="PASS" signature="tearDown()[pri:0, instance:com.qa.hubspot.tests.LoginTest@799f10e1]" name="tearDown" is-config="true" duration-ms="2999" started-at="2020-01-21T22:13:40 IST" finished-at="2020-01-21T22:13:43 IST">
          <reporter-output>
          </reporter-output>
        </test-method> <!-- tearDown -->
        <test-method status="PASS" signature="tearDown()[pri:0, instance:com.qa.hubspot.tests.LoginTest@799f10e1]" name="tearDown" is-config="true" duration-ms="1" started-at="2020-01-21T22:13:47 IST" finished-at="2020-01-21T22:13:47 IST">
          <reporter-output>
          </reporter-output>
        </test-method> <!-- tearDown -->
      </class> <!-- com.qa.hubspot.tests.LoginTest -->
    </test> <!-- hub spot Test -->
  </suite> <!-- Hub Spot Test Suite -->
</testng-results>
